1763291482.729478 client started (454356): version 3.2a, socket /tmp/tmux-1000/default, protocol 8
1763291482.729548 on Linux 6.16.3-76061603-generic #202508231538~1758561135~22.04~171c8de SMP PREEMPT_DYNAMIC Mon S
1763291482.729561 using libevent 2.1.12-stable (poll); ncurses 6.3
1763291482.729600 flags are 0x18010000
1763291482.729607 socket is /tmp/tmux-1000/default
1763291482.729628 trying connect
1763291482.729776 add peer 0x630a558b0160: 6 ((nil))
1763291482.730089 sending message 100 to peer 0x630a558b0160 (4 bytes)
1763291482.730091 sending message 111 to peer 0x630a558b0160 (8 bytes)
1763291482.730093 sending message 101 to peer 0x630a558b0160 (15 bytes)
1763291482.730094 sending message 109 to peer 0x630a558b0160 (4 bytes)
1763291482.730095 sending message 102 to peer 0x630a558b0160 (11 bytes)
1763291482.730096 sending message 108 to peer 0x630a558b0160 (27 bytes)
1763291482.730097 sending message 112 to peer 0x630a558b0160 (58 bytes)
1763291482.730098 sending message 112 to peer 0x630a558b0160 (5 bytes)
1763291482.730099 sending message 112 to peer 0x630a558b0160 (5 bytes)
1763291482.730101 sending message 112 to peer 0x630a558b0160 (6 bytes)
1763291482.730102 sending message 112 to peer 0x630a558b0160 (6 bytes)
1763291482.730103 sending message 112 to peer 0x630a558b0160 (11 bytes)
1763291482.730104 sending message 112 to peer 0x630a558b0160 (10 bytes)
1763291482.730105 sending message 112 to peer 0x630a558b0160 (13 bytes)
1763291482.730106 sending message 112 to peer 0x630a558b0160 (14 bytes)
1763291482.730107 sending message 112 to peer 0x630a558b0160 (19 bytes)
1763291482.730108 sending message 112 to peer 0x630a558b0160 (11 bytes)
1763291482.730109 sending message 112 to peer 0x630a558b0160 (10 bytes)
1763291482.730110 sending message 112 to peer 0x630a558b0160 (15 bytes)
1763291482.730111 sending message 112 to peer 0x630a558b0160 (21 bytes)
1763291482.730112 sending message 112 to peer 0x630a558b0160 (13 bytes)
1763291482.730113 sending message 112 to peer 0x630a558b0160 (7 bytes)
1763291482.730114 sending message 112 to peer 0x630a558b0160 (13 bytes)
1763291482.730115 sending message 112 to peer 0x630a558b0160 (7 bytes)
1763291482.730116 sending message 112 to peer 0x630a558b0160 (13 bytes)
1763291482.730117 sending message 112 to peer 0x630a558b0160 (9 bytes)
1763291482.730119 sending message 112 to peer 0x630a558b0160 (21 bytes)
1763291482.730119 sending message 112 to peer 0x630a558b0160 (13 bytes)
1763291482.730120 sending message 112 to peer 0x630a558b0160 (9 bytes)
1763291482.730121 sending message 112 to peer 0x630a558b0160 (16 bytes)
1763291482.730122 sending message 112 to peer 0x630a558b0160 (13 bytes)
1763291482.730123 sending message 112 to peer 0x630a558b0160 (9 bytes)
1763291482.730124 sending message 112 to peer 0x630a558b0160 (9 bytes)
1763291482.730126 sending message 112 to peer 0x630a558b0160 (12 bytes)
1763291482.730127 sending message 112 to peer 0x630a558b0160 (8 bytes)
1763291482.730127 sending message 112 to peer 0x630a558b0160 (8 bytes)
1763291482.730128 sending message 112 to peer 0x630a558b0160 (13 bytes)
1763291482.730129 sending message 112 to peer 0x630a558b0160 (7 bytes)
1763291482.730130 sending message 112 to peer 0x630a558b0160 (7 bytes)
1763291482.730131 sending message 112 to peer 0x630a558b0160 (9 bytes)
1763291482.730132 sending message 112 to peer 0x630a558b0160 (9 bytes)
1763291482.730133 sending message 112 to peer 0x630a558b0160 (15 bytes)
1763291482.730134 sending message 112 to peer 0x630a558b0160 (13 bytes)
1763291482.730135 sending message 112 to peer 0x630a558b0160 (12 bytes)
1763291482.730137 sending message 112 to peer 0x630a558b0160 (8 bytes)
1763291482.730138 sending message 112 to peer 0x630a558b0160 (14 bytes)
1763291482.730139 sending message 112 to peer 0x630a558b0160 (11 bytes)
1763291482.730140 sending message 112 to peer 0x630a558b0160 (9 bytes)
1763291482.730141 sending message 112 to peer 0x630a558b0160 (10 bytes)
1763291482.730142 sending message 112 to peer 0x630a558b0160 (10 bytes)
1763291482.730143 sending message 112 to peer 0x630a558b0160 (10 bytes)
1763291482.730147 sending message 112 to peer 0x630a558b0160 (10 bytes)
1763291482.730148 sending message 112 to peer 0x630a558b0160 (11 bytes)
1763291482.730149 sending message 112 to peer 0x630a558b0160 (12 bytes)
1763291482.730150 sending message 112 to peer 0x630a558b0160 (12 bytes)
1763291482.730151 sending message 112 to peer 0x630a558b0160 (12 bytes)
1763291482.730152 sending message 112 to peer 0x630a558b0160 (12 bytes)
1763291482.730153 sending message 112 to peer 0x630a558b0160 (12 bytes)
1763291482.730154 sending message 112 to peer 0x630a558b0160 (11 bytes)
1763291482.730155 sending message 112 to peer 0x630a558b0160 (11 bytes)
1763291482.730156 sending message 112 to peer 0x630a558b0160 (12 bytes)
1763291482.730157 sending message 112 to peer 0x630a558b0160 (12 bytes)
1763291482.730158 sending message 112 to peer 0x630a558b0160 (12 bytes)
1763291482.730159 sending message 112 to peer 0x630a558b0160 (12 bytes)
1763291482.730160 sending message 112 to peer 0x630a558b0160 (12 bytes)
1763291482.730161 sending message 112 to peer 0x630a558b0160 (9 bytes)
1763291482.730162 sending message 112 to peer 0x630a558b0160 (12 bytes)
1763291482.730163 sending message 112 to peer 0x630a558b0160 (13 bytes)
1763291482.730164 sending message 112 to peer 0x630a558b0160 (13 bytes)
1763291482.730165 sending message 112 to peer 0x630a558b0160 (13 bytes)
1763291482.730166 sending message 112 to peer 0x630a558b0160 (13 bytes)
1763291482.730167 sending message 112 to peer 0x630a558b0160 (13 bytes)
1763291482.730168 sending message 112 to peer 0x630a558b0160 (8 bytes)
1763291482.730169 sending message 112 to peer 0x630a558b0160 (11 bytes)
1763291482.730170 sending message 112 to peer 0x630a558b0160 (11 bytes)
1763291482.730171 sending message 112 to peer 0x630a558b0160 (11 bytes)
1763291482.730172 sending message 112 to peer 0x630a558b0160 (12 bytes)
1763291482.730173 sending message 112 to peer 0x630a558b0160 (12 bytes)
1763291482.730174 sending message 112 to peer 0x630a558b0160 (12 bytes)
1763291482.730175 sending message 112 to peer 0x630a558b0160 (12 bytes)
1763291482.730176 sending message 112 to peer 0x630a558b0160 (13 bytes)
1763291482.730177 sending message 112 to peer 0x630a558b0160 (13 bytes)
1763291482.730178 sending message 112 to peer 0x630a558b0160 (13 bytes)
1763291482.730179 sending message 112 to peer 0x630a558b0160 (8 bytes)
1763291482.730180 sending message 112 to peer 0x630a558b0160 (13 bytes)
1763291482.730181 sending message 112 to peer 0x630a558b0160 (13 bytes)
1763291482.730182 sending message 112 to peer 0x630a558b0160 (13 bytes)
1763291482.730183 sending message 112 to peer 0x630a558b0160 (13 bytes)
1763291482.730184 sending message 112 to peer 0x630a558b0160 (13 bytes)
1763291482.730185 sending message 112 to peer 0x630a558b0160 (12 bytes)
1763291482.730186 sending message 112 to peer 0x630a558b0160 (12 bytes)
1763291482.730187 sending message 112 to peer 0x630a558b0160 (12 bytes)
1763291482.730188 sending message 112 to peer 0x630a558b0160 (12 bytes)
1763291482.730189 sending message 112 to peer 0x630a558b0160 (13 bytes)
1763291482.730190 sending message 112 to peer 0x630a558b0160 (8 bytes)
1763291482.730191 sending message 112 to peer 0x630a558b0160 (13 bytes)
1763291482.730192 sending message 112 to peer 0x630a558b0160 (13 bytes)
1763291482.730193 sending message 112 to peer 0x630a558b0160 (13 bytes)
1763291482.730196 sending message 112 to peer 0x630a558b0160 (13 bytes)
1763291482.730199 sending message 112 to peer 0x630a558b0160 (13 bytes)
1763291482.730200 sending message 112 to peer 0x630a558b0160 (13 bytes)
1763291482.730201 sending message 112 to peer 0x630a558b0160 (13 bytes)
1763291482.730202 sending message 112 to peer 0x630a558b0160 (12 bytes)
1763291482.730203 sending message 112 to peer 0x630a558b0160 (12 bytes)
1763291482.730204 sending message 112 to peer 0x630a558b0160 (12 bytes)
1763291482.730205 sending message 112 to peer 0x630a558b0160 (8 bytes)
1763291482.730206 sending message 112 to peer 0x630a558b0160 (12 bytes)
1763291482.730207 sending message 112 to peer 0x630a558b0160 (13 bytes)
1763291482.730209 sending message 112 to peer 0x630a558b0160 (13 bytes)
1763291482.730210 sending message 112 to peer 0x630a558b0160 (13 bytes)
1763291482.730211 sending message 112 to peer 0x630a558b0160 (13 bytes)
1763291482.730212 sending message 112 to peer 0x630a558b0160 (13 bytes)
1763291482.730213 sending message 112 to peer 0x630a558b0160 (13 bytes)
1763291482.730214 sending message 112 to peer 0x630a558b0160 (13 bytes)
1763291482.730215 sending message 112 to peer 0x630a558b0160 (13 bytes)
1763291482.730216 sending message 112 to peer 0x630a558b0160 (12 bytes)
1763291482.730217 sending message 112 to peer 0x630a558b0160 (10 bytes)
1763291482.730218 sending message 112 to peer 0x630a558b0160 (12 bytes)
1763291482.730219 sending message 112 to peer 0x630a558b0160 (12 bytes)
1763291482.730220 sending message 112 to peer 0x630a558b0160 (12 bytes)
1763291482.730221 sending message 112 to peer 0x630a558b0160 (13 bytes)
1763291482.730222 sending message 112 to peer 0x630a558b0160 (13 bytes)
1763291482.730223 sending message 112 to peer 0x630a558b0160 (13 bytes)
1763291482.730224 sending message 112 to peer 0x630a558b0160 (13 bytes)
1763291482.730225 sending message 112 to peer 0x630a558b0160 (13 bytes)
1763291482.730226 sending message 112 to peer 0x630a558b0160 (13 bytes)
1763291482.730227 sending message 112 to peer 0x630a558b0160 (13 bytes)
1763291482.730228 sending message 112 to peer 0x630a558b0160 (10 bytes)
1763291482.730229 sending message 112 to peer 0x630a558b0160 (13 bytes)
1763291482.730230 sending message 112 to peer 0x630a558b0160 (12 bytes)
1763291482.730231 sending message 112 to peer 0x630a558b0160 (12 bytes)
1763291482.730232 sending message 112 to peer 0x630a558b0160 (12 bytes)
1763291482.730233 sending message 112 to peer 0x630a558b0160 (10 bytes)
1763291482.730235 sending message 112 to peer 0x630a558b0160 (10 bytes)
1763291482.730236 sending message 112 to peer 0x630a558b0160 (10 bytes)
1763291482.730238 sending message 112 to peer 0x630a558b0160 (12 bytes)
1763291482.730239 sending message 112 to peer 0x630a558b0160 (13 bytes)
1763291482.730240 sending message 112 to peer 0x630a558b0160 (13 bytes)
1763291482.730242 sending message 112 to peer 0x630a558b0160 (13 bytes)
1763291482.730244 sending message 112 to peer 0x630a558b0160 (13 bytes)
1763291482.730245 sending message 112 to peer 0x630a558b0160 (13 bytes)
1763291482.730246 sending message 112 to peer 0x630a558b0160 (10 bytes)
1763291482.730248 sending message 112 to peer 0x630a558b0160 (11 bytes)
1763291482.730249 sending message 112 to peer 0x630a558b0160 (12 bytes)
1763291482.730251 sending message 112 to peer 0x630a558b0160 (12 bytes)
1763291482.730253 sending message 112 to peer 0x630a558b0160 (12 bytes)
1763291482.730254 sending message 112 to peer 0x630a558b0160 (12 bytes)
1763291482.730256 sending message 112 to peer 0x630a558b0160 (12 bytes)
1763291482.730258 sending message 112 to peer 0x630a558b0160 (11 bytes)
1763291482.730260 sending message 112 to peer 0x630a558b0160 (12 bytes)
1763291482.730261 sending message 112 to peer 0x630a558b0160 (12 bytes)
1763291482.730263 sending message 112 to peer 0x630a558b0160 (13 bytes)
1763291482.730264 sending message 112 to peer 0x630a558b0160 (13 bytes)
1763291482.730265 sending message 112 to peer 0x630a558b0160 (13 bytes)
1763291482.730266 sending message 112 to peer 0x630a558b0160 (13 bytes)
1763291482.730267 sending message 112 to peer 0x630a558b0160 (13 bytes)
1763291482.730268 sending message 112 to peer 0x630a558b0160 (10 bytes)
1763291482.730269 sending message 112 to peer 0x630a558b0160 (9 bytes)
1763291482.730270 sending message 112 to peer 0x630a558b0160 (12 bytes)
1763291482.730271 sending message 112 to peer 0x630a558b0160 (13 bytes)
1763291482.730272 sending message 112 to peer 0x630a558b0160 (13 bytes)
1763291482.730279 sending message 112 to peer 0x630a558b0160 (13 bytes)
1763291482.730281 sending message 112 to peer 0x630a558b0160 (13 bytes)
1763291482.730282 sending message 112 to peer 0x630a558b0160 (13 bytes)
1763291482.730283 sending message 112 to peer 0x630a558b0160 (9 bytes)
1763291482.730287 sending message 112 to peer 0x630a558b0160 (12 bytes)
1763291482.730288 sending message 112 to peer 0x630a558b0160 (13 bytes)
1763291482.730289 sending message 112 to peer 0x630a558b0160 (13 bytes)
1763291482.730290 sending message 112 to peer 0x630a558b0160 (13 bytes)
1763291482.730291 sending message 112 to peer 0x630a558b0160 (13 bytes)
1763291482.730292 sending message 112 to peer 0x630a558b0160 (13 bytes)
1763291482.730293 sending message 112 to peer 0x630a558b0160 (11 bytes)
1763291482.730294 sending message 112 to peer 0x630a558b0160 (12 bytes)
1763291482.730295 sending message 112 to peer 0x630a558b0160 (13 bytes)
1763291482.730296 sending message 112 to peer 0x630a558b0160 (13 bytes)
1763291482.730297 sending message 112 to peer 0x630a558b0160 (13 bytes)
1763291482.730298 sending message 112 to peer 0x630a558b0160 (13 bytes)
1763291482.730299 sending message 112 to peer 0x630a558b0160 (13 bytes)
1763291482.730300 sending message 112 to peer 0x630a558b0160 (11 bytes)
1763291482.730301 sending message 112 to peer 0x630a558b0160 (12 bytes)
1763291482.730302 sending message 112 to peer 0x630a558b0160 (12 bytes)
1763291482.730303 sending message 112 to peer 0x630a558b0160 (12 bytes)
1763291482.730304 sending message 112 to peer 0x630a558b0160 (12 bytes)
1763291482.730305 sending message 112 to peer 0x630a558b0160 (12 bytes)
1763291482.730306 sending message 112 to peer 0x630a558b0160 (21 bytes)
1763291482.730307 sending message 112 to peer 0x630a558b0160 (12 bytes)
1763291482.730308 sending message 112 to peer 0x630a558b0160 (9 bytes)
1763291482.730309 sending message 112 to peer 0x630a558b0160 (6 bytes)
1763291482.730311 sending message 112 to peer 0x630a558b0160 (13 bytes)
1763291482.730312 sending message 112 to peer 0x630a558b0160 (10 bytes)
1763291482.730313 sending message 112 to peer 0x630a558b0160 (24 bytes)
1763291482.730314 sending message 112 to peer 0x630a558b0160 (13 bytes)
1763291482.730315 sending message 112 to peer 0x630a558b0160 (9 bytes)
1763291482.730316 sending message 112 to peer 0x630a558b0160 (70 bytes)
1763291482.730317 sending message 112 to peer 0x630a558b0160 (69 bytes)
1763291482.730318 sending message 112 to peer 0x630a558b0160 (12 bytes)
1763291482.730319 sending message 112 to peer 0x630a558b0160 (10 bytes)
1763291482.730320 sending message 112 to peer 0x630a558b0160 (10 bytes)
1763291482.730321 sending message 112 to peer 0x630a558b0160 (24 bytes)
1763291482.730322 sending message 112 to peer 0x630a558b0160 (13 bytes)
1763291482.730323 sending message 112 to peer 0x630a558b0160 (10 bytes)
1763291482.730324 sending message 112 to peer 0x630a558b0160 (10 bytes)
1763291482.730325 sending message 112 to peer 0x630a558b0160 (10 bytes)
1763291482.730326 sending message 112 to peer 0x630a558b0160 (13 bytes)
1763291482.730327 sending message 112 to peer 0x630a558b0160 (15 bytes)
1763291482.730328 sending message 112 to peer 0x630a558b0160 (5 bytes)
1763291482.730329 sending message 104 to peer 0x630a558b0160 (0 bytes)
1763291482.730330 sending message 110 to peer 0x630a558b0160 (0 bytes)
1763291482.730331 sending message 107 to peer 0x630a558b0160 (4 bytes)
1763291482.730332 sending message 105 to peer 0x630a558b0160 (15 bytes)
1763291482.730333 sending message 105 to peer 0x630a558b0160 (20 bytes)
1763291482.730335 sending message 105 to peer 0x630a558b0160 (54 bytes)
1763291482.730336 sending message 105 to peer 0x630a558b0160 (23 bytes)
1763291482.730337 sending message 105 to peer 0x630a558b0160 (11 bytes)
1763291482.730338 sending message 105 to peer 0x630a558b0160 (40 bytes)
1763291482.730339 sending message 105 to peer 0x630a558b0160 (22 bytes)
1763291482.730340 sending message 105 to peer 0x630a558b0160 (18 bytes)
1763291482.730341 sending message 105 to peer 0x630a558b0160 (52 bytes)
1763291482.730342 sending message 105 to peer 0x630a558b0160 (88 bytes)
1763291482.730343 sending message 105 to peer 0x630a558b0160 (19 bytes)
1763291482.730344 sending message 105 to peer 0x630a558b0160 (28 bytes)
1763291482.730345 sending message 105 to peer 0x630a558b0160 (75 bytes)
1763291482.730347 sending message 105 to peer 0x630a558b0160 (18 bytes)
1763291482.730348 sending message 105 to peer 0x630a558b0160 (28 bytes)
1763291482.730349 sending message 105 to peer 0x630a558b0160 (22 bytes)
1763291482.730350 sending message 105 to peer 0x630a558b0160 (21 bytes)
1763291482.730351 sending message 105 to peer 0x630a558b0160 (22 bytes)
1763291482.730352 sending message 105 to peer 0x630a558b0160 (28 bytes)
1763291482.730353 sending message 105 to peer 0x630a558b0160 (33 bytes)
1763291482.730354 sending message 105 to peer 0x630a558b0160 (31 bytes)
1763291482.730355 sending message 105 to peer 0x630a558b0160 (23 bytes)
1763291482.730356 sending message 105 to peer 0x630a558b0160 (17 bytes)
1763291482.730357 sending message 105 to peer 0x630a558b0160 (10 bytes)
1763291482.730358 sending message 105 to peer 0x630a558b0160 (15 bytes)
1763291482.730359 sending message 105 to peer 0x630a558b0160 (279 bytes)
1763291482.730360 sending message 105 to peer 0x630a558b0160 (13 bytes)
1763291482.730361 sending message 105 to peer 0x630a558b0160 (31 bytes)
1763291482.730362 sending message 105 to peer 0x630a558b0160 (19 bytes)
1763291482.730363 sending message 105 to peer 0x630a558b0160 (30 bytes)
1763291482.730364 sending message 105 to peer 0x630a558b0160 (18 bytes)
1763291482.730365 sending message 105 to peer 0x630a558b0160 (15 bytes)
1763291482.730366 sending message 105 to peer 0x630a558b0160 (50 bytes)
1763291482.730367 sending message 105 to peer 0x630a558b0160 (8 bytes)
1763291482.730369 sending message 105 to peer 0x630a558b0160 (51 bytes)
1763291482.730370 sending message 105 to peer 0x630a558b0160 (38 bytes)
1763291482.730370 sending message 105 to peer 0x630a558b0160 (19 bytes)
1763291482.730371 sending message 105 to peer 0x630a558b0160 (22 bytes)
1763291482.730373 sending message 105 to peer 0x630a558b0160 (20 bytes)
1763291482.730374 sending message 105 to peer 0x630a558b0160 (15 bytes)
1763291482.730375 sending message 105 to peer 0x630a558b0160 (12 bytes)
1763291482.730376 sending message 105 to peer 0x630a558b0160 (16 bytes)
1763291482.730377 sending message 105 to peer 0x630a558b0160 (12 bytes)
1763291482.730378 sending message 105 to peer 0x630a558b0160 (17 bytes)
1763291482.730379 sending message 105 to peer 0x630a558b0160 (13 bytes)
1763291482.730380 sending message 105 to peer 0x630a558b0160 (41 bytes)
1763291482.730381 sending message 105 to peer 0x630a558b0160 (16 bytes)
1763291482.730382 sending message 105 to peer 0x630a558b0160 (29 bytes)
1763291482.730383 sending message 105 to peer 0x630a558b0160 (78 bytes)
1763291482.730384 sending message 105 to peer 0x630a558b0160 (24 bytes)
1763291482.730385 sending message 105 to peer 0x630a558b0160 (181 bytes)
1763291482.730387 sending message 105 to peer 0x630a558b0160 (31 bytes)
1763291482.730388 sending message 105 to peer 0x630a558b0160 (15 bytes)
1763291482.730389 sending message 105 to peer 0x630a558b0160 (23 bytes)
1763291482.730390 sending message 105 to peer 0x630a558b0160 (27 bytes)
1763291482.730391 sending message 105 to peer 0x630a558b0160 (19 bytes)
1763291482.730392 sending message 105 to peer 0x630a558b0160 (21 bytes)
1763291482.730393 sending message 105 to peer 0x630a558b0160 (11 bytes)
1763291482.730394 sending message 105 to peer 0x630a558b0160 (20 bytes)
1763291482.730395 sending message 105 to peer 0x630a558b0160 (33 bytes)
1763291482.730396 sending message 105 to peer 0x630a558b0160 (16 bytes)
1763291482.730397 sending message 105 to peer 0x630a558b0160 (29 bytes)
1763291482.730398 sending message 105 to peer 0x630a558b0160 (45 bytes)
1763291482.730399 sending message 105 to peer 0x630a558b0160 (57 bytes)
1763291482.730400 sending message 105 to peer 0x630a558b0160 (26 bytes)
1763291482.730401 sending message 105 to peer 0x630a558b0160 (35 bytes)
1763291482.730402 sending message 105 to peer 0x630a558b0160 (38 bytes)
1763291482.730403 sending message 105 to peer 0x630a558b0160 (46 bytes)
1763291482.730404 sending message 105 to peer 0x630a558b0160 (30 bytes)
1763291482.730405 sending message 105 to peer 0x630a558b0160 (34 bytes)
1763291482.730408 sending message 105 to peer 0x630a558b0160 (1519 bytes)
1763291482.730411 sending message 105 to peer 0x630a558b0160 (16 bytes)
1763291482.730412 sending message 106 to peer 0x630a558b0160 (0 bytes)
1763291482.730416 sending message 200 to peer 0x630a558b0160 (4 bytes)
1763291482.730417 client loop enter
1763291482.736814 peer 0x630a558b0160 message 207
1763291482.736853 sending message 208 to peer 0x630a558b0160 (0 bytes)
1763291498.122615 peer 0x630a558b0160 message 201
1763291498.122627 sending message 205 to peer 0x630a558b0160 (0 bytes)
1763291498.122860 peer 0x630a558b0160 message 204
1763291498.122861 client loop exit
